Error: "ResumeTask" object has no field "resume_path"

Traceback (most recent call last):
  File "/Users/rishabhsharma/Documents/GitHub/ResumeForgeAI/resume_optimizer/cli.py", line 54, in main
    results = optimizer.run()
              ^^^^^^^^^^^^^^^
  File "/Users/rishabhsharma/Documents/GitHub/ResumeForgeAI/resume_optimizer/core/workforce_optimizer.py", line 36, in run
    results = self.workflow.optimize_resume(
              ^^^^^^^^^^^^^^^^^^^^^^^^^^^^^^
  File "/Users/rishabhsharma/Documents/GitHub/ResumeForgeAI/resume_optimizer/workforce/workflow.py", line 80, in optimize_resume
    return self.coordinator.optimize_resume(
           ^^^^^^^^^^^^^^^^^^^^^^^^^^^^^^^^^
  File "/Users/rishabhsharma/Documents/GitHub/ResumeForgeAI/resume_optimizer/workforce/coordinator.py", line 49, in optimize_resume
    analyze_task = create_analyze_job_task(job_description)
                   ^^^^^^^^^^^^^^^^^^^^^^^^^^^^^^^^^^^^^^^^
  File "/Users/rishabhsharma/Documents/GitHub/ResumeForgeAI/resume_optimizer/tasks/task_definitions.py", line 31, in create_analyze_job_task
    return ResumeTask(
           ^^^^^^^^^^^
  File "/Users/rishabhsharma/Documents/GitHub/ResumeForgeAI/resume_optimizer/tasks/task_definitions.py", line 22, in __init__
    self.resume_path = Path(resume_path) if resume_path else None
    ^^^^^^^^^^^^^^^^
  File "/Users/rishabhsharma/Documents/GitHub/ResumeForgeAI/venv/lib/python3.12/site-packages/pydantic/main.py", line 1000, in __setattr__
    elif (setattr_handler := self._setattr_handler(name, value)) is not None:
                             ^^^^^^^^^^^^^^^^^^^^^^^^^^^^^^^^^^
  File "/Users/rishabhsharma/Documents/GitHub/ResumeForgeAI/venv/lib/python3.12/site-packages/pydantic/main.py", line 1047, in _setattr_handler
    raise ValueError(f'"{cls.__name__}" object has no field "{name}"')
ValueError: "ResumeTask" object has no field "resume_path"
