Error: 'JobAnalysisWorker' object has no attribute 'reset'

Traceback (most recent call last):
  File "/Users/rishabhsharma/Documents/GitHub/ResumeForgeAI/resume_optimizer/cli.py", line 54, in main
    results = optimizer.run()
              ^^^^^^^^^^^^^^^
  File "/Users/rishabhsharma/Documents/GitHub/ResumeForgeAI/resume_optimizer/core/workforce_optimizer.py", line 36, in run
    results = self.workflow.optimize_resume(
              ^^^^^^^^^^^^^^^^^^^^^^^^^^^^^^
  File "/Users/rishabhsharma/Documents/GitHub/ResumeForgeAI/resume_optimizer/workforce/workflow.py", line 80, in optimize_resume
    return self.coordinator.optimize_resume(
           ^^^^^^^^^^^^^^^^^^^^^^^^^^^^^^^^^
  File "/Users/rishabhsharma/Documents/GitHub/ResumeForgeAI/resume_optimizer/workforce/coordinator.py", line 50, in optimize_resume
    analyze_result = self.process_task(analyze_task)
                     ^^^^^^^^^^^^^^^^^^^^^^^^^^^^^^^
  File "/Users/rishabhsharma/Documents/GitHub/ResumeForgeAI/resume_optimizer/workforce/coordinator.py", line 21, in process_task
    return self.workforce.process_task(task)
           ^^^^^^^^^^^^^^^^^^^^^^^^^^^^^^^^^
  File "/Users/rishabhsharma/Documents/GitHub/ResumeForgeAI/venv/lib/python3.12/site-packages/camel/societies/workforce/utils.py", line 69, in wrapper
    return func(self, *args, **kwargs)
           ^^^^^^^^^^^^^^^^^^^^^^^^^^^
  File "/Users/rishabhsharma/Documents/GitHub/ResumeForgeAI/venv/lib/python3.12/site-packages/camel/societies/workforce/workforce.py", line 166, in process_task
    self.reset()
  File "/Users/rishabhsharma/Documents/GitHub/ResumeForgeAI/venv/lib/python3.12/site-packages/camel/societies/workforce/utils.py", line 69, in wrapper
    return func(self, *args, **kwargs)
           ^^^^^^^^^^^^^^^^^^^^^^^^^^^
  File "/Users/rishabhsharma/Documents/GitHub/ResumeForgeAI/venv/lib/python3.12/site-packages/camel/societies/workforce/workforce.py", line 260, in reset
    child.reset()
  File "/Users/rishabhsharma/Documents/GitHub/ResumeForgeAI/venv/lib/python3.12/site-packages/camel/societies/workforce/single_agent_worker.py", line 48, in reset
    self.worker.reset()
    ^^^^^^^^^^^^^^^^^
AttributeError: 'JobAnalysisWorker' object has no attribute 'reset'
